[Thu Apr  3 17:45:03 2014] install: bbding
[Thu Apr  3 17:45:04 2014] install: cabin
[Thu Apr  3 17:45:05 2014] install: changepage
[Thu Apr  3 17:45:05 2014] install: cmap
[Thu Apr  3 17:45:06 2014] install: ec
[Thu Apr  3 17:45:06 2014] install: etoolbox
[Thu Apr  3 17:45:06 2014] install: fancybox
[Thu Apr  3 17:45:07 2014] install: fancyvrb
[Thu Apr  3 17:45:07 2014] install: fontaxes
[Thu Apr  3 17:45:07 2014] install: framed
[Thu Apr  3 17:45:08 2014] install: helvetic
[Thu Apr  3 17:45:08 2014] install: inconsolata
[Thu Apr  3 17:45:09 2014] install: l3kernel
[Thu Apr  3 17:45:09 2014] install: l3packages
[Thu Apr  3 17:45:10 2014] install: mdframed
[Thu Apr  3 17:45:10 2014] install: mdwtools
[Thu Apr  3 17:45:10 2014] install: microtype
[Thu Apr  3 17:45:11 2014] install: ms
[Thu Apr  3 17:45:11 2014] install: multirow
[Thu Apr  3 17:45:11 2014] install: mweights
[Thu Apr  3 17:45:11 2014] install: needspace
[Thu Apr  3 17:45:11 2014] install: parskip
[Thu Apr  3 17:45:12 2014] install: pgf
[Thu Apr  3 17:45:13 2014] install: threeparttable
[Thu Apr  3 17:45:14 2014] install: times
[Thu Apr  3 17:45:14 2014] install: titlesec
[Thu Apr  3 17:45:14 2014] install: upquote
[Thu Apr  3 17:45:14 2014] install: wrapfig
[Thu Apr  3 17:45:15 2014] install: xcolor
[Thu Apr  3 17:45:15 2014] install: xkeyval
